ejemplos/09_almacenamiento/EjemploContent/build/outputs/logs/manifest-merger-debug-report.txt
-- Merging decision tree log ---
manifest
ADDED from AndroidStudioProjects\EjemploContent\AndroidManifest.xml:2:1-25:12
INJECTED from AndroidStudioProjects\EjemploContent\AndroidManifest.xml:2:1-25:12
INJECTED from AndroidStudioProjects\EjemploContent\AndroidManifest.xml:2:1-25:12
INJECTED from AndroidStudioProjects\EjemploContent\AndroidManifest.xml:2:1-25:12
INJECTED from AndroidStudioProjects\EjemploContent\AndroidManifest.xml:2:1-25:12
	package
		ADDED from AndroidStudioProjects\EjemploContent\AndroidManifest.xml:3:5-41
	android:versionName
		ADDED from AndroidStudioProjects\EjemploContent\AndroidManifest.xml:5:5-30
		INJECTED from AndroidStudioProjects\EjemploContent\AndroidManifest.xml
		INJECTED from AndroidStudioProjects\EjemploContent\AndroidManifest.xml
	xmlns:android
		ADDED from AndroidStudioProjects\EjemploContent\AndroidManifest.xml:2:11-69
	android:versionCode
		ADDED from AndroidStudioProjects\EjemploContent\AndroidManifest.xml:4:5-28
		INJECTED from AndroidStudioProjects\EjemploContent\AndroidManifest.xml
		INJECTED from AndroidStudioProjects\EjemploContent\AndroidManifest.xml
uses-permission#com.android.browser.permission.READ_HISTORY_BOOKMARKS
ADDED from AndroidStudioProjects\EjemploContent\AndroidManifest.xml:7:5-93
	android:name
		ADDED from AndroidStudioProjects\EjemploContent\AndroidManifest.xml:7:22-90
application
ADDED from AndroidStudioProjects\EjemploContent\AndroidManifest.xml:9:5-23:19
	android:label
		ADDED from AndroidStudioProjects\EjemploContent\AndroidManifest.xml:12:9-41
	android:icon
		ADDED from AndroidStudioProjects\EjemploContent\AndroidManifest.xml:11:9-45
	android:allowBackup
		ADDED from AndroidStudioProjects\EjemploContent\AndroidManifest.xml:10:9-35
	android:theme
		ADDED from AndroidStudioProjects\EjemploContent\AndroidManifest.xml:13:9-40
activity#com.example.ejemplocontent.MainActivity
ADDED from AndroidStudioProjects\EjemploContent\AndroidManifest.xml:14:9-22:20
	android:label
		ADDED from AndroidStudioProjects\EjemploContent\AndroidManifest.xml:16:13-45
	android:name
		ADDED from AndroidStudioProjects\EjemploContent\AndroidManifest.xml:15:13-67
intent-filter#action:name:android.intent.action.MAIN+category:name:android.intent.category.LAUNCHER
ADDED from AndroidStudioProjects\EjemploContent\AndroidManifest.xml:17:13-21:29
action#android.intent.action.MAIN
ADDED from AndroidStudioProjects\EjemploContent\AndroidManifest.xml:18:17-69
	android:name
		ADDED from AndroidStudioProjects\EjemploContent\AndroidManifest.xml:18:25-66
category#android.intent.category.LAUNCHER
ADDED from AndroidStudioProjects\EjemploContent\AndroidManifest.xml:20:17-77
	android:name
		ADDED from AndroidStudioProjects\EjemploContent\AndroidManifest.xml:20:27-74
uses-sdk
INJECTED from AndroidStudioProjects\EjemploContent\AndroidManifest.xml reason: use-sdk injection requested
INJECTED from AndroidStudioProjects\EjemploContent\AndroidManifest.xml
INJECTED from AndroidStudioProjects\EjemploContent\AndroidManifest.xml
INJECTED from AndroidStudioProjects\EjemploContent\AndroidManifest.xml
INJECTED from AndroidStudioProjects\EjemploContent\AndroidManifest.xml
	android:targetSdkVersion
		INJECTED from AndroidStudioProjects\EjemploContent\AndroidManifest.xml
		ADDED from AndroidStudioProjects\EjemploContent\AndroidManifest.xml
		INJECTED from AndroidStudioProjects\EjemploContent\AndroidManifest.xml
	android:minSdkVersion
		INJECTED from AndroidStudioProjects\EjemploContent\AndroidManifest.xml
		ADDED from AndroidStudioProjects\EjemploContent\AndroidManifest.xml
		INJECTED from AndroidStudioProjects\EjemploContent\AndroidManifest.xml